2023-11-05 18:59:17: Experiment log path in: C:\Users\Maximos Bilalis\OneDrive\Υπολογιστής\ST-SSL\experiments\NYCBike1\20231105-185917
2023-11-05 18:59:17: Experiment configs are: Namespace(batch_size=32, best_path='None', d_input=2, d_model=64, d_output=2, data_dir='data', dataset='NYCBike1', debug=False, device='cpu', dropout=0.2, early_stop=True, early_stop_patience=15, epochs=100, grad_norm=True, graph_file='data/NYCBike1/adj_mx.npz', input_length=19, log_dir='C:\\Users\\Maximos Bilalis\\OneDrive\\Υπολογιστής\\ST-SSL\\experiments\\NYCBike1\\20231105-185917', lr_init=0.001, max_grad_norm=5, mode='train', nmb_prototype=6, num_nodes=128, percent=0.1, seed=31, shm_temp=0.5, temp=4, test_batch_size=32, use_dwa=True, yita=0.6)
2023-11-05 18:59:17: Traceback (most recent call last):
  File "main.py", line 59, in model_supervisor
    results = trainer.train() # best_eval_loss, best_epoch
  File "C:\Users\Maximos Bilalis\OneDrive\Υπολογιστής\ST-SSL\model\trainer.py", line 109, in train
    train_epoch_loss, loss_t = self.train_epoch(epoch, loss_weights)
  File "C:\Users\Maximos Bilalis\OneDrive\Υπολογιστής\ST-SSL\model\trainer.py", line 58, in train_epoch
    loss, sep_loss = self.model.loss(repr1, repr2, target, self.scaler, loss_weights)
  File "C:\Users\Maximos Bilalis\OneDrive\Υπολογιστής\ST-SSL\model\models.py", line 66, in loss
    l2 = self.temporal_loss(z1, z2)
  File "C:\Users\Maximos Bilalis\OneDrive\Υπολογιστής\ST-SSL\model\models.py", line 84, in temporal_loss
    return self.thm(z1, z2)
  File "C:\Users\Maximos Bilalis\AppData\Local\Programs\Python\Python38\lib\site-packages\torch\nn\modules\module.py", line 1501, in _call_impl
    return forward_call(*args, **kwargs)
  File "C:\Users\Maximos Bilalis\OneDrive\Υπολογιστής\ST-SSL\model\layers.py", line 113, in forward
    loss = self.b_xent(logits, self.lbl)
  File "C:\Users\Maximos Bilalis\AppData\Local\Programs\Python\Python38\lib\site-packages\torch\nn\modules\module.py", line 1614, in __getattr__
    raise AttributeError("'{}' object has no attribute '{}'".format(
AttributeError: 'TemporalHeteroModel' object has no attribute 'lbl'

