2023-12-29 18:22:00: Experiment log path in: C:\Users\30697\Desktop\UrbanComputingFinalProject\UrbanComputingFinalProject\ST-SSL\experiments\NYCBike1\20231229-182200
2023-12-29 18:22:00: Experiment configs are: Namespace(batch_size=32, best_path='None', d_input=2, d_model=64, d_output=2, data_dir='data', dataset='NYCBike1', debug=False, device='cpu', dropout=0.2, early_stop=True, early_stop_patience=15, epochs=100, grad_norm=True, graph_file='data/NYCBike1/adj_mx.npz', input_length=19, log_dir='C:\\Users\\30697\\Desktop\\UrbanComputingFinalProject\\UrbanComputingFinalProject\\ST-SSL\\experiments\\NYCBike1\\20231229-182200', lr_init=0.001, max_grad_norm=5, mode='train', nmb_prototype=6, num_nodes=128, percent=0.1, seed=31, shm_temp=0.5, temp=4, test_batch_size=32, use_dwa=True, yita=0.6)
2023-12-29 18:25:00: *******Train Epoch 1: averaged Loss : 12.418204
2023-12-29 18:25:16: *******Val Epoch 1: averaged Loss : 9.914724
2023-12-29 18:25:16: **************Current best model saved to C:\Users\30697\Desktop\UrbanComputingFinalProject\UrbanComputingFinalProject\ST-SSL\experiments\NYCBike1\20231229-182200\best_model.pth
2023-12-29 18:28:21: *******Train Epoch 2: averaged Loss : 9.892015
2023-12-29 18:28:41: *******Val Epoch 2: averaged Loss : 9.022898
2023-12-29 18:28:41: **************Current best model saved to C:\Users\30697\Desktop\UrbanComputingFinalProject\UrbanComputingFinalProject\ST-SSL\experiments\NYCBike1\20231229-182200\best_model.pth
2023-12-29 18:31:53: *******Train Epoch 3: averaged Loss : 9.017988
2023-12-29 18:32:11: *******Val Epoch 3: averaged Loss : 8.844724
2023-12-29 18:32:11: **************Current best model saved to C:\Users\30697\Desktop\UrbanComputingFinalProject\UrbanComputingFinalProject\ST-SSL\experiments\NYCBike1\20231229-182200\best_model.pth
2023-12-29 18:36:09: *******Train Epoch 4: averaged Loss : 8.786324
2023-12-29 18:36:38: *******Val Epoch 4: averaged Loss : 8.565466
2023-12-29 18:36:38: **************Current best model saved to C:\Users\30697\Desktop\UrbanComputingFinalProject\UrbanComputingFinalProject\ST-SSL\experiments\NYCBike1\20231229-182200\best_model.pth
2023-12-29 18:42:00: *******Train Epoch 5: averaged Loss : 8.614439
2023-12-29 18:42:29: *******Val Epoch 5: averaged Loss : 8.126026
2023-12-29 18:42:29: **************Current best model saved to C:\Users\30697\Desktop\UrbanComputingFinalProject\UrbanComputingFinalProject\ST-SSL\experiments\NYCBike1\20231229-182200\best_model.pth
2023-12-29 18:47:51: *******Train Epoch 6: averaged Loss : 8.490759
2023-12-29 18:48:20: *******Val Epoch 6: averaged Loss : 7.948941
2023-12-29 18:48:20: **************Current best model saved to C:\Users\30697\Desktop\UrbanComputingFinalProject\UrbanComputingFinalProject\ST-SSL\experiments\NYCBike1\20231229-182200\best_model.pth
2023-12-29 18:52:18: *******Train Epoch 7: averaged Loss : 8.333199
2023-12-29 18:52:33: *******Val Epoch 7: averaged Loss : 8.289052
2023-12-29 18:55:28: *******Train Epoch 8: averaged Loss : 8.269158
2023-12-29 18:55:44: *******Val Epoch 8: averaged Loss : 7.725465
2023-12-29 18:55:44: **************Current best model saved to C:\Users\30697\Desktop\UrbanComputingFinalProject\UrbanComputingFinalProject\ST-SSL\experiments\NYCBike1\20231229-182200\best_model.pth
2023-12-29 18:58:46: *******Train Epoch 9: averaged Loss : 8.247021
2023-12-29 18:59:02: *******Val Epoch 9: averaged Loss : 8.445951
2023-12-29 19:02:06: *******Train Epoch 10: averaged Loss : 8.153766
2023-12-29 19:02:24: *******Val Epoch 10: averaged Loss : 8.224393
2023-12-29 19:07:36: *******Train Epoch 11: averaged Loss : 8.115133
2023-12-29 19:08:05: *******Val Epoch 11: averaged Loss : 7.731061
2023-12-29 19:12:03: *******Train Epoch 12: averaged Loss : 8.011831
2023-12-29 19:12:19: *******Val Epoch 12: averaged Loss : 7.576199
2023-12-29 19:12:19: **************Current best model saved to C:\Users\30697\Desktop\UrbanComputingFinalProject\UrbanComputingFinalProject\ST-SSL\experiments\NYCBike1\20231229-182200\best_model.pth
2023-12-29 19:15:23: *******Train Epoch 13: averaged Loss : 7.916847
2023-12-29 19:15:44: *******Val Epoch 13: averaged Loss : 7.496636
2023-12-29 19:15:44: **************Current best model saved to C:\Users\30697\Desktop\UrbanComputingFinalProject\UrbanComputingFinalProject\ST-SSL\experiments\NYCBike1\20231229-182200\best_model.pth
2023-12-29 19:19:32: *******Train Epoch 14: averaged Loss : 7.803062
2023-12-29 19:19:59: *******Val Epoch 14: averaged Loss : 7.681070
2023-12-29 19:24:55: *******Train Epoch 15: averaged Loss : 7.861653
2023-12-29 19:25:23: *******Val Epoch 15: averaged Loss : 7.508360
2023-12-29 19:30:01: *******Train Epoch 16: averaged Loss : 7.735780
2023-12-29 19:30:28: *******Val Epoch 16: averaged Loss : 7.793763
2023-12-29 19:35:38: *******Train Epoch 17: averaged Loss : 7.662236
2023-12-29 19:36:07: *******Val Epoch 17: averaged Loss : 7.299968
2023-12-29 19:36:07: **************Current best model saved to C:\Users\30697\Desktop\UrbanComputingFinalProject\UrbanComputingFinalProject\ST-SSL\experiments\NYCBike1\20231229-182200\best_model.pth
2023-12-29 19:41:20: *******Train Epoch 18: averaged Loss : 7.645243
2023-12-29 19:41:48: *******Val Epoch 18: averaged Loss : 7.589832
