2023-12-08 14:15:39: Experiment log path in: C:\Users\30697\Desktop\UrbanComputingFinalProject\UrbanComputingFinalProject\ST-SSL\experiments\NYCBike1\20231208-141539
2023-12-08 14:15:39: Experiment configs are: Namespace(batch_size=32, best_path='None', d_input=2, d_model=64, d_output=2, data_dir='data', dataset='NYCBike1', debug=False, device='cpu', dropout=0.2, early_stop=True, early_stop_patience=15, epochs=100, grad_norm=True, graph_file='data/NYCBike1/adj_mx.npz', input_length=19, log_dir='C:\\Users\\30697\\Desktop\\UrbanComputingFinalProject\\UrbanComputingFinalProject\\ST-SSL\\experiments\\NYCBike1\\20231208-141539', lr_init=0.001, max_grad_norm=5, mode='train', nmb_prototype=6, num_nodes=128, percent=0.1, seed=31, shm_temp=0.5, temp=4, test_batch_size=32, use_dwa=True, yita=0.6)
2023-12-08 14:17:18: *******Train Epoch 1: averaged Loss : 12.407241
2023-12-08 14:17:22: *******Val Epoch 1: averaged Loss : 9.919329
2023-12-08 14:17:22: **************Current best model saved to C:\Users\30697\Desktop\UrbanComputingFinalProject\UrbanComputingFinalProject\ST-SSL\experiments\NYCBike1\20231208-141539\best_model.pth
2023-12-08 14:18:53: *******Train Epoch 2: averaged Loss : 9.887459
2023-12-08 14:18:58: *******Val Epoch 2: averaged Loss : 8.939296
2023-12-08 14:18:58: **************Current best model saved to C:\Users\30697\Desktop\UrbanComputingFinalProject\UrbanComputingFinalProject\ST-SSL\experiments\NYCBike1\20231208-141539\best_model.pth
2023-12-08 14:20:49: *******Train Epoch 3: averaged Loss : 9.101427
2023-12-08 14:20:52: *******Val Epoch 3: averaged Loss : 8.609143
2023-12-08 14:20:52: **************Current best model saved to C:\Users\30697\Desktop\UrbanComputingFinalProject\UrbanComputingFinalProject\ST-SSL\experiments\NYCBike1\20231208-141539\best_model.pth
2023-12-08 14:22:11: *******Train Epoch 4: averaged Loss : 8.864515
2023-12-08 14:22:14: *******Val Epoch 4: averaged Loss : 8.278490
2023-12-08 14:22:14: **************Current best model saved to C:\Users\30697\Desktop\UrbanComputingFinalProject\UrbanComputingFinalProject\ST-SSL\experiments\NYCBike1\20231208-141539\best_model.pth
2023-12-08 14:24:25: *******Train Epoch 5: averaged Loss : 8.618911
2023-12-08 14:24:30: *******Val Epoch 5: averaged Loss : 8.172059
2023-12-08 14:24:30: **************Current best model saved to C:\Users\30697\Desktop\UrbanComputingFinalProject\UrbanComputingFinalProject\ST-SSL\experiments\NYCBike1\20231208-141539\best_model.pth
2023-12-08 14:26:49: *******Train Epoch 6: averaged Loss : 8.459065
2023-12-08 14:26:54: *******Val Epoch 6: averaged Loss : 8.115929
2023-12-08 14:26:54: **************Current best model saved to C:\Users\30697\Desktop\UrbanComputingFinalProject\UrbanComputingFinalProject\ST-SSL\experiments\NYCBike1\20231208-141539\best_model.pth
2023-12-08 14:29:39: *******Train Epoch 7: averaged Loss : 8.350767
2023-12-08 14:29:45: *******Val Epoch 7: averaged Loss : 7.957570
2023-12-08 14:29:45: **************Current best model saved to C:\Users\30697\Desktop\UrbanComputingFinalProject\UrbanComputingFinalProject\ST-SSL\experiments\NYCBike1\20231208-141539\best_model.pth
2023-12-08 14:32:13: *******Train Epoch 8: averaged Loss : 8.259573
2023-12-08 14:32:18: *******Val Epoch 8: averaged Loss : 7.916719
2023-12-08 14:32:18: **************Current best model saved to C:\Users\30697\Desktop\UrbanComputingFinalProject\UrbanComputingFinalProject\ST-SSL\experiments\NYCBike1\20231208-141539\best_model.pth
2023-12-08 14:34:36: *******Train Epoch 9: averaged Loss : 8.204927
2023-12-08 14:34:41: *******Val Epoch 9: averaged Loss : 7.964194
2023-12-08 14:37:00: *******Train Epoch 10: averaged Loss : 8.090015
2023-12-08 14:37:04: *******Val Epoch 10: averaged Loss : 7.993580
2023-12-08 14:39:23: *******Train Epoch 11: averaged Loss : 8.058445
2023-12-08 14:39:28: *******Val Epoch 11: averaged Loss : 7.617391
2023-12-08 14:39:28: **************Current best model saved to C:\Users\30697\Desktop\UrbanComputingFinalProject\UrbanComputingFinalProject\ST-SSL\experiments\NYCBike1\20231208-141539\best_model.pth
2023-12-08 14:41:46: *******Train Epoch 12: averaged Loss : 7.928732
2023-12-08 14:41:51: *******Val Epoch 12: averaged Loss : 7.864935
2023-12-08 14:44:09: *******Train Epoch 13: averaged Loss : 7.899289
2023-12-08 14:44:13: *******Val Epoch 13: averaged Loss : 7.453470
2023-12-08 14:44:13: **************Current best model saved to C:\Users\30697\Desktop\UrbanComputingFinalProject\UrbanComputingFinalProject\ST-SSL\experiments\NYCBike1\20231208-141539\best_model.pth
2023-12-08 14:46:31: *******Train Epoch 14: averaged Loss : 7.820651
2023-12-08 14:46:36: *******Val Epoch 14: averaged Loss : 7.472535
2023-12-08 14:48:53: *******Train Epoch 15: averaged Loss : 7.800559
2023-12-08 14:48:58: *******Val Epoch 15: averaged Loss : 7.529654
2023-12-08 14:51:15: *******Train Epoch 16: averaged Loss : 7.755834
2023-12-08 14:51:20: *******Val Epoch 16: averaged Loss : 7.446810
2023-12-08 14:51:20: **************Current best model saved to C:\Users\30697\Desktop\UrbanComputingFinalProject\UrbanComputingFinalProject\ST-SSL\experiments\NYCBike1\20231208-141539\best_model.pth
2023-12-08 14:53:38: *******Train Epoch 17: averaged Loss : 7.701029
2023-12-08 14:53:42: *******Val Epoch 17: averaged Loss : 7.368381
2023-12-08 14:53:42: **************Current best model saved to C:\Users\30697\Desktop\UrbanComputingFinalProject\UrbanComputingFinalProject\ST-SSL\experiments\NYCBike1\20231208-141539\best_model.pth
2023-12-08 14:56:00: *******Train Epoch 18: averaged Loss : 7.628021
2023-12-08 14:56:04: *******Val Epoch 18: averaged Loss : 7.409792
2023-12-08 14:58:21: *******Train Epoch 19: averaged Loss : 7.568219
2023-12-08 14:58:26: *******Val Epoch 19: averaged Loss : 7.371689
2023-12-08 15:00:44: *******Train Epoch 20: averaged Loss : 7.534268
2023-12-08 15:00:49: *******Val Epoch 20: averaged Loss : 7.249368
2023-12-08 15:00:49: **************Current best model saved to C:\Users\30697\Desktop\UrbanComputingFinalProject\UrbanComputingFinalProject\ST-SSL\experiments\NYCBike1\20231208-141539\best_model.pth
2023-12-08 15:03:07: *******Train Epoch 21: averaged Loss : 7.510016
2023-12-08 15:03:12: *******Val Epoch 21: averaged Loss : 7.514831
2023-12-08 15:05:31: *******Train Epoch 22: averaged Loss : 7.502817
2023-12-08 15:05:36: *******Val Epoch 22: averaged Loss : 7.180020
2023-12-08 15:05:36: **************Current best model saved to C:\Users\30697\Desktop\UrbanComputingFinalProject\UrbanComputingFinalProject\ST-SSL\experiments\NYCBike1\20231208-141539\best_model.pth
2023-12-08 15:07:52: *******Train Epoch 23: averaged Loss : 7.415575
2023-12-08 15:07:57: *******Val Epoch 23: averaged Loss : 7.092767
2023-12-08 15:07:57: **************Current best model saved to C:\Users\30697\Desktop\UrbanComputingFinalProject\UrbanComputingFinalProject\ST-SSL\experiments\NYCBike1\20231208-141539\best_model.pth
2023-12-08 15:10:15: *******Train Epoch 24: averaged Loss : 7.384790
2023-12-08 15:10:19: *******Val Epoch 24: averaged Loss : 7.147059
2023-12-08 15:12:37: *******Train Epoch 25: averaged Loss : 7.350837
2023-12-08 15:12:42: *******Val Epoch 25: averaged Loss : 7.135235
2023-12-08 15:15:01: *******Train Epoch 26: averaged Loss : 7.329883
2023-12-08 15:15:06: *******Val Epoch 26: averaged Loss : 6.930843
2023-12-08 15:15:06: **************Current best model saved to C:\Users\30697\Desktop\UrbanComputingFinalProject\UrbanComputingFinalProject\ST-SSL\experiments\NYCBike1\20231208-141539\best_model.pth
2023-12-08 15:17:24: *******Train Epoch 27: averaged Loss : 7.257752
2023-12-08 15:17:28: *******Val Epoch 27: averaged Loss : 7.013598
2023-12-08 15:19:47: *******Train Epoch 28: averaged Loss : 7.271207
2023-12-08 15:19:52: *******Val Epoch 28: averaged Loss : 6.981887
2023-12-08 15:22:09: *******Train Epoch 29: averaged Loss : 7.219378
2023-12-08 15:22:13: *******Val Epoch 29: averaged Loss : 6.922207
2023-12-08 15:22:13: **************Current best model saved to C:\Users\30697\Desktop\UrbanComputingFinalProject\UrbanComputingFinalProject\ST-SSL\experiments\NYCBike1\20231208-141539\best_model.pth
2023-12-08 15:24:31: *******Train Epoch 30: averaged Loss : 7.214383
2023-12-08 15:24:36: *******Val Epoch 30: averaged Loss : 6.899677
2023-12-08 15:24:36: **************Current best model saved to C:\Users\30697\Desktop\UrbanComputingFinalProject\UrbanComputingFinalProject\ST-SSL\experiments\NYCBike1\20231208-141539\best_model.pth
2023-12-08 15:26:53: *******Train Epoch 31: averaged Loss : 7.184333
2023-12-08 15:26:58: *******Val Epoch 31: averaged Loss : 7.011797
2023-12-08 15:29:20: *******Train Epoch 32: averaged Loss : 7.171907
2023-12-08 15:29:24: *******Val Epoch 32: averaged Loss : 6.925730
2023-12-08 15:30:39: *******Train Epoch 33: averaged Loss : 7.071465
2023-12-08 15:30:44: *******Val Epoch 33: averaged Loss : 6.835366
2023-12-08 15:30:44: **************Current best model saved to C:\Users\30697\Desktop\UrbanComputingFinalProject\UrbanComputingFinalProject\ST-SSL\experiments\NYCBike1\20231208-141539\best_model.pth
2023-12-08 15:32:34: *******Train Epoch 34: averaged Loss : 7.070249
2023-12-08 15:32:38: *******Val Epoch 34: averaged Loss : 7.001815
2023-12-08 15:33:57: *******Train Epoch 35: averaged Loss : 7.135230
2023-12-08 15:34:02: *******Val Epoch 35: averaged Loss : 7.057111
2023-12-08 15:36:20: *******Train Epoch 36: averaged Loss : 7.067037
2023-12-08 15:36:23: *******Val Epoch 36: averaged Loss : 6.781551
2023-12-08 15:36:23: **************Current best model saved to C:\Users\30697\Desktop\UrbanComputingFinalProject\UrbanComputingFinalProject\ST-SSL\experiments\NYCBike1\20231208-141539\best_model.pth
2023-12-08 15:37:43: *******Train Epoch 37: averaged Loss : 7.039202
2023-12-08 15:37:47: *******Val Epoch 37: averaged Loss : 6.753657
2023-12-08 15:37:47: **************Current best model saved to C:\Users\30697\Desktop\UrbanComputingFinalProject\UrbanComputingFinalProject\ST-SSL\experiments\NYCBike1\20231208-141539\best_model.pth
2023-12-08 15:39:03: *******Train Epoch 38: averaged Loss : 7.040049
2023-12-08 15:39:06: *******Val Epoch 38: averaged Loss : 7.299326
2023-12-08 15:40:22: *******Train Epoch 39: averaged Loss : 6.999096
2023-12-08 15:40:26: *******Val Epoch 39: averaged Loss : 6.876964
2023-12-08 15:41:43: *******Train Epoch 40: averaged Loss : 7.006636
2023-12-08 15:41:47: *******Val Epoch 40: averaged Loss : 7.183171
2023-12-08 15:43:05: *******Train Epoch 41: averaged Loss : 6.968842
2023-12-08 15:43:08: *******Val Epoch 41: averaged Loss : 6.998048
2023-12-08 15:44:28: *******Train Epoch 42: averaged Loss : 6.977204
2023-12-08 15:44:32: *******Val Epoch 42: averaged Loss : 6.725598
2023-12-08 15:44:32: **************Current best model saved to C:\Users\30697\Desktop\UrbanComputingFinalProject\UrbanComputingFinalProject\ST-SSL\experiments\NYCBike1\20231208-141539\best_model.pth
2023-12-08 15:45:49: *******Train Epoch 43: averaged Loss : 6.951714
2023-12-08 15:45:52: *******Val Epoch 43: averaged Loss : 6.706740
2023-12-08 15:45:52: **************Current best model saved to C:\Users\30697\Desktop\UrbanComputingFinalProject\UrbanComputingFinalProject\ST-SSL\experiments\NYCBike1\20231208-141539\best_model.pth
2023-12-08 15:47:09: *******Train Epoch 44: averaged Loss : 6.981482
2023-12-08 15:47:13: *******Val Epoch 44: averaged Loss : 7.039351
2023-12-08 15:48:27: *******Train Epoch 45: averaged Loss : 6.931116
2023-12-08 15:48:31: *******Val Epoch 45: averaged Loss : 6.664581
2023-12-08 15:48:31: **************Current best model saved to C:\Users\30697\Desktop\UrbanComputingFinalProject\UrbanComputingFinalProject\ST-SSL\experiments\NYCBike1\20231208-141539\best_model.pth
2023-12-08 15:49:47: *******Train Epoch 46: averaged Loss : 6.893095
2023-12-08 15:49:50: *******Val Epoch 46: averaged Loss : 6.738408
2023-12-08 15:51:05: *******Train Epoch 47: averaged Loss : 6.835413
2023-12-08 15:51:09: *******Val Epoch 47: averaged Loss : 6.673248
2023-12-08 15:52:22: *******Train Epoch 48: averaged Loss : 6.838700
2023-12-08 15:52:26: *******Val Epoch 48: averaged Loss : 6.831594
2023-12-08 15:53:42: *******Train Epoch 49: averaged Loss : 6.878266
2023-12-08 15:53:45: *******Val Epoch 49: averaged Loss : 6.675132
2023-12-08 15:55:02: *******Train Epoch 50: averaged Loss : 6.822240
2023-12-08 15:55:06: *******Val Epoch 50: averaged Loss : 6.645045
2023-12-08 15:55:06: **************Current best model saved to C:\Users\30697\Desktop\UrbanComputingFinalProject\UrbanComputingFinalProject\ST-SSL\experiments\NYCBike1\20231208-141539\best_model.pth
2023-12-08 15:56:18: *******Train Epoch 51: averaged Loss : 6.829445
2023-12-08 15:56:22: *******Val Epoch 51: averaged Loss : 6.706999
